14:08:31.196 [main] TRACE in.pathri.gaana.extractor.MainExtractor:main- Enter params(/media/user/data/scripts/scripts/music_automation/raw_songs, false)
14:08:31.197 [main] INFO  in.pathri.gaana.extractor.MainExtractor:main- **NOTE**:Songs Source Directory::/media/user/data/scripts/scripts/music_automation/raw_songs
14:08:31.197 [main] INFO  in.pathri.gaana.extractor.MainExtractor:main- **NOTE**:Songs will be converted as is
14:08:31.198 [main] INFO  in.pathri.gaana.extractor.MainExtractor:main- 

14:08:31.198 [main] TRACE in.pathri.gaana.extractor.MainExtractor:extract- Enter params(/media/user/data/scripts/scripts/music_automation/raw_songs, false)
14:08:31.198 [main] TRACE in.pathri.gaana.extractor.MainExtractor:getFileIds- Enter params(/media/user/data/scripts/scripts/music_automation/raw_songs)
14:08:31.198 [main] ERROR in.pathri.gaana.extractor.MainExtractor:getFileIds- Catching
java.nio.file.NoSuchFileException: /media/user/data/scripts/scripts/music_automation/raw_songs
	at sun.nio.fs.UnixException.translateToIOException(UnixException.java:92) ~[?:?]
	at sun.nio.fs.UnixException.rethrowAsIOException(UnixException.java:111) ~[?:?]
	at sun.nio.fs.UnixException.rethrowAsIOException(UnixException.java:116) ~[?:?]
	at sun.nio.fs.UnixFileAttributeViews$Basic.readAttributes(UnixFileAttributeViews.java:55) ~[?:?]
	at sun.nio.fs.UnixFileSystemProvider.readAttributes(UnixFileSystemProvider.java:149) ~[?:?]
	at sun.nio.fs.LinuxFileSystemProvider.readAttributes(LinuxFileSystemProvider.java:99) ~[?:?]
	at java.nio.file.Files.readAttributes(Files.java:1763) ~[?:?]
	at java.nio.file.FileTreeWalker.getAttributes(FileTreeWalker.java:219) ~[?:?]
	at java.nio.file.FileTreeWalker.visit(FileTreeWalker.java:276) ~[?:?]
	at java.nio.file.FileTreeWalker.walk(FileTreeWalker.java:322) ~[?:?]
	at java.nio.file.Files.walkFileTree(Files.java:2716) ~[?:?]
	at java.nio.file.Files.walkFileTree(Files.java:2796) ~[?:?]
	at in.pathri.gaana.extractor.MainExtractor.getFileIds(MainExtractor.java:385) [GaanaExtractor-2.6-SNAPSHOT.jar:?]
	at in.pathri.gaana.extractor.MainExtractor.extract(MainExtractor.java:104) [GaanaExtractor-2.6-SNAPSHOT.jar:?]
	at in.pathri.gaana.extractor.MainExtractor.main(MainExtractor.java:82) [GaanaExtractor-2.6-SNAPSHOT.jar:?]
14:08:31.201 [main] TRACE in.pathri.gaana.extractor.MainExtractor:getFileIds- Exit with({})
14:08:31.201 [main] TRACE in.pathri.gaana.extractor.MainExtractor:getSongsDetail- Enter params({})
14:08:31.202 [main] TRACE in.pathri.gaana.extractor.MainExtractor:getSongsDetail- Exit
14:08:31.203 [main] INFO  in.pathri.gaana.extractor.MainExtractor:extract- 
COMPLETED without any ERRORS.

File Data Not Found :: NONE
File Read Error :: NONE
File Write Error :: NONE
File Tag Error ::NONE
14:08:31.203 [main] TRACE in.pathri.gaana.extractor.MainExtractor:extract- Exit
14:08:31.203 [main] TRACE in.pathri.gaana.extractor.MainExtractor:main- Exit
